{
  "RSpec": {
    "coverage": {
      "/home/saasbook/Documents/scheduler/config/environment.rb": [
        null,
        1,
        null,
        null,
        1
      ],
      "/home/saasbook/Documents/scheduler/config/application.rb": [
        1,
        null,
        1,
        null,
        null,
        null,
        1,
        null,
        1,
        1,
        null,
        null,
        null,
        null,
        null,
        null,
        null,
        null,
        null,
        null,
        null,
        null,
        null
      ],
      "/home/saasbook/Documents/scheduler/config/boot.rb": [
        null,
        1,
        null,
        1
      ],
      "/home/saasbook/Documents/scheduler/config/environments/test.rb": [
        1,
        null,
        null,
        null,
        null,
        null,
        null,
        1,
        null,
        null,
        null,
        null,
        1,
        null,
        null,
        1,
        1,
        null,
        null,
        1,
        1,
        null,
        null,
        1,
        null,
        null,
        1,
        null,
        null,
        null,
        null,
        1,
        null,
        null,
        1,
        null,
        null,
        null,
        null
      ],
      "/home/saasbook/Documents/scheduler/config/initializers/backtrace_silencers.rb": [
        null,
        null,
        null,
        null,
        null,
        null,
        null
      ],
      "/home/saasbook/Documents/scheduler/config/initializers/cookies_serializer.rb": [
        null,
        null,
        1
      ],
      "/home/saasbook/Documents/scheduler/config/initializers/filter_parameter_logging.rb": [
        null,
        null,
        null,
        1
      ],
      "/home/saasbook/Documents/scheduler/config/initializers/inflections.rb": [
        null,
        null,
        null,
        null,
        null,
        null,
        null,
        null,
        null,
        null,
        null,
        null,
        null,
        null,
        null,
        null
      ],
      "/home/saasbook/Documents/scheduler/config/initializers/mime_types.rb": [
        null,
        null,
        null,
        null
      ],
      "/home/saasbook/Documents/scheduler/config/initializers/session_store.rb": [
        null,
        null,
        1
      ],
      "/home/saasbook/Documents/scheduler/config/initializers/wrap_parameters.rb": [
        null,
        null,
        null,
        null,
        null,
        null,
        1,
        1,
        null,
        null,
        null,
        null,
        null,
        null
      ],
      "/home/saasbook/Documents/scheduler/config/routes.rb": [
        1,
        null,
        1,
        1,
        null,
        1,
        1,
        1,
        null,
        null,
        null,
        null,
        null,
        null,
        null,
        null,
        null,
        null,
        null,
        null,
        null,
        null,
        null,
        null,
        null,
        null,
        null,
        null,
        null,
        null,
        null,
        null,
        null,
        null,
        null,
        null,
        null,
        null,
        null,
        null,
        null,
        null,
        null,
        null,
        null,
        null,
        null,
        null,
        null,
        null,
        null,
        null,
        null,
        null,
        null,
        null,
        null,
        null,
        null,
        null,
        null,
        null,
        null,
        null,
        null,
        null
      ],
      "/home/saasbook/Documents/scheduler/app/helpers/application_helper.rb": [
        1,
        null
      ],
      "/home/saasbook/Documents/scheduler/app/helpers/courses_helper.rb": [
        1,
        null
      ],
      "/home/saasbook/Documents/scheduler/app/helpers/json_controller_helper.rb": [
        1,
        null,
        null,
        null,
        1,
        4,
        null,
        null,
        null,
        null,
        1,
        2,
        null,
        null,
        null,
        null,
        1,
        10,
        10,
        6,
        null,
        4,
        null,
        null,
        null,
        null,
        null,
        1,
        10,
        10,
        4,
        null,
        6,
        null,
        null,
        null,
        null,
        null,
        1,
        4,
        4,
        4,
        null,
        null,
        1,
        null,
        1,
        16,
        null,
        null,
        null,
        31,
        null,
        null,
        45,
        null,
        null,
        27,
        null,
        null,
        5,
        null,
        null,
        21,
        null,
        null,
        1,
        20,
        null,
        null
      ],
      "/home/saasbook/Documents/scheduler/app/helpers/main_helper.rb": [
        1,
        null
      ],
      "/home/saasbook/Documents/scheduler/app/helpers/sections_helper.rb": [
        1,
        null
      ],
      "/home/saasbook/Documents/scheduler/app/controllers/courses_controller.rb": [
        1,
        1,
        null,
        11,
        null,
        1,
        null
      ],
      "/home/saasbook/Documents/scheduler/app/controllers/application_controller.rb": [
        1,
        null,
        null,
        1,
        null
      ],
      "/home/saasbook/Documents/scheduler/app/controllers/main_controller.rb": [
        1,
        1,
        null,
        null
      ],
      "/home/saasbook/Documents/scheduler/app/controllers/sections_controller.rb": [
        1,
        1,
        null,
        1,
        10,
        null,
        null,
        1,
        null,
        null
      ],
      "/home/saasbook/Documents/scheduler/app/models/course.rb": [
        1,
        1,
        null
      ],
      "/home/saasbook/Documents/scheduler/app/models/section.rb": [
        1,
        1,
        1,
        1,
        1,
        null,
        1,
        22,
        1,
        1,
        1,
        null,
        null,
        null
      ]
    },
    "timestamp": 1434141829
  }
}
